c:\users\74559\desktop\compiler_try\compiler_try\compiler_try\debug\vc140.pdb
c:\users\74559\desktop\compiler_try\compiler_try\compiler_try\debug\vc140.idb
c:\users\74559\desktop\compiler_try\compiler_try\compiler_try\debug\absyn.obj
c:\users\74559\desktop\compiler_try\compiler_try\compiler_try\debug\env.obj
c:\users\74559\desktop\compiler_try\compiler_try\compiler_try\debug\errormsg.obj
c:\users\74559\desktop\compiler_try\compiler_try\compiler_try\debug\lex.yy.obj
c:\users\74559\desktop\compiler_try\compiler_try\compiler_try\debug\main.obj
c:\users\74559\desktop\compiler_try\compiler_try\compiler_try\debug\mipsframe.obj
c:\users\74559\desktop\compiler_try\compiler_try\compiler_try\debug\parse.obj
c:\users\74559\desktop\compiler_try\compiler_try\compiler_try\debug\prabsyn.obj
c:\users\74559\desktop\compiler_try\compiler_try\compiler_try\debug\printtree.obj
c:\users\74559\desktop\compiler_try\compiler_try\compiler_try\debug\semant.obj
c:\users\74559\desktop\compiler_try\compiler_try\compiler_try\debug\symbol.obj
c:\users\74559\desktop\compiler_try\compiler_try\compiler_try\debug\table.obj
c:\users\74559\desktop\compiler_try\compiler_try\compiler_try\debug\temp.obj
c:\users\74559\desktop\compiler_try\compiler_try\compiler_try\debug\translate.obj
c:\users\74559\desktop\compiler_try\compiler_try\compiler_try\debug\tree.obj
c:\users\74559\desktop\compiler_try\compiler_try\compiler_try\debug\types.obj
c:\users\74559\desktop\compiler_try\compiler_try\compiler_try\debug\util.obj
c:\users\74559\desktop\compiler_try\compiler_try\compiler_try\debug\y.tab.obj
c:\users\74559\desktop\compiler_try\compiler_try\debug\compiler_try.ilk
c:\users\74559\desktop\compiler_try\compiler_try\debug\compiler_try.exe
c:\users\74559\desktop\compiler_try\compiler_try\debug\compiler_try.pdb
c:\users\74559\desktop\compiler_try\compiler_try\compiler_try\debug\compiler_try.tlog\cl.command.1.tlog
c:\users\74559\desktop\compiler_try\compiler_try\compiler_try\debug\compiler_try.tlog\cl.read.1.tlog
c:\users\74559\desktop\compiler_try\compiler_try\compiler_try\debug\compiler_try.tlog\cl.write.1.tlog
c:\users\74559\desktop\compiler_try\compiler_try\compiler_try\debug\compiler_try.tlog\link.command.1.tlog
c:\users\74559\desktop\compiler_try\compiler_try\compiler_try\debug\compiler_try.tlog\link.read.1.tlog
c:\users\74559\desktop\compiler_try\compiler_try\compiler_try\debug\compiler_try.tlog\link.write.1.tlog
